timestamp: 2024-05-30T17:25:13.787195
CREATE TABLE "py4web_session"(
    "id" INTEGER PRIMARY KEY AUTOINCREMENT,
    "rkey" CHAR(512),
    "rvalue" TEXT,
    "expiration" INTEGER,
    "created_on" TIMESTAMP,
    "expires_on" TIMESTAMP
);
success!
timestamp: 2024-05-30T17:25:13.805945
CREATE TABLE "auth_user"(
    "id" INTEGER PRIMARY KEY AUTOINCREMENT,
    "email" CHAR(512) UNIQUE,
    "password" CHAR(512),
    "first_name" CHAR(512),
    "last_name" CHAR(512),
    "sso_id" CHAR(512),
    "action_token" CHAR(512),
    "last_password_change" TIMESTAMP,
    "past_passwords_hash" TEXT
);
success!
timestamp: 2024-05-30T17:25:13.820407
CREATE TABLE "auth_user_tag_groups"(
    "id" INTEGER PRIMARY KEY AUTOINCREMENT,
    "tagpath" CHAR(512),
    "record_id" INTEGER REFERENCES "auth_user" ("id") ON DELETE CASCADE ON UPDATE CASCADE  
);
success!
timestamp: 2024-05-30T17:25:13.836571
CREATE TABLE "species"(
    "id" INTEGER PRIMARY KEY AUTOINCREMENT,
    "name" CHAR(512)
);
success!
timestamp: 2024-05-30T17:25:13.851330
CREATE TABLE "checklist"(
    "id" INTEGER PRIMARY KEY AUTOINCREMENT,
    "event_id" CHAR(512) UNIQUE,
    "location" TEXT,
    "created_on" TIMESTAMP,
    "user_id" CHAR(512)
);
success!
timestamp: 2024-05-30T17:25:13.865722
CREATE TABLE "sighting"(
    "id" INTEGER PRIMARY KEY AUTOINCREMENT,
    "event_id" CHAR(512),
    "species_id" INTEGER REFERENCES "species" ("id") ON DELETE CASCADE ON UPDATE CASCADE  ,
    "number_seen" INTEGER
);
success!
